# JRE version: Java(TM) SE Runtime Environment (24.0.2+12) (build 24.0.2+12-54)
# Java VM: Java HotSpot(TM) 64-Bit Server VM (24.0.2+12-54, mixed mode, sharing, tiered, compressed oops, compressed class ptrs, g1 gc, windows-amd64)
GC Precious Log:
 CardTable entry size: 512
 Card Set container configuration: InlinePtr #cards 5 size 8 Array Of Cards #cards 10 size 36 Howl #buckets 4 coarsen threshold 1843 Howl Bitmap #cards 512 size 80 coarsen threshold 460 Card regions per heap region 1 cards per card region 2048
 CPUs: 8 total, 8 available
 Memory: 8067M
 Large Page Support: Disabled
 NUMA Support: Disabled
 Compressed Oops: Enabled (32-bit)
 Heap Region Size: 1M
 Heap Min Capacity: 8M
 Heap Initial Capacity: 128M
 Heap Max Capacity: 2018M
 Pre-touch: Disabled
 Parallel Workers: 8
 Concurrent Workers: 2
 Concurrent Refinement Workers: 8
 Periodic GC: Disabled
Heap:
 garbage-first heap   total reserved 2066432K, committed 178176K, used 115577K [0x0000000081e00000, 0x0000000100000000)
  region size 1024K, 18 young (18432K), 6 survivors (6144K)
 Metaspace       used 77740K, committed 78400K, reserved 1179648K
  class space    used 9575K, committed 9856K, reserved 1048576K
GC Heap History (20 events):
Event: 6.293 GC heap before
{Heap before GC invocations=10 (full 0):
 garbage-first heap   total reserved 2066432K, committed 69632K, used 58740K [0x0000000081e00000, 0x0000000100000000)
  region size 1024K, 38 young (38912K), 5 survivors (5120K)
 Metaspace       used 57392K, committed 57920K, reserved 1114112K
  class space    used 6136K, committed 6400K, reserved 1048576K
}
Event: 6.298 GC heap after
{Heap after GC invocations=11 (full 0):
 garbage-first heap   total reserved 2066432K, committed 69632K, used 26943K [0x0000000081e00000, 0x0000000100000000)
  region size 1024K, 5 young (5120K), 5 survivors (5120K)
 Metaspace       used 57392K, committed 57920K, reserved 1114112K
  class space    used 6136K, committed 6400K, reserved 1048576K
}
Event: 6.659 GC heap before
{Heap before GC invocations=11 (full 0):
 garbage-first heap   total reserved 2066432K, committed 69632K, used 55615K [0x0000000081e00000, 0x0000000100000000)
  region size 1024K, 34 young (34816K), 5 survivors (5120K)
 Metaspace       used 60313K, committed 60800K, reserved 1114112K
  class space    used 6625K, committed 6848K, reserved 1048576K
}
Event: 6.664 GC heap after
{Heap after GC invocations=12 (full 0):
 garbage-first heap   total reserved 2066432K, committed 69632K, used 28883K [0x0000000081e00000, 0x0000000100000000)
  region size 1024K, 4 young (4096K), 4 survivors (4096K)
 Metaspace       used 60313K, committed 60800K, reserved 1114112K
  class space    used 6625K, committed 6848K, reserved 1048576K
}
Event: 6.859 GC heap before
{Heap before GC invocations=13 (full 0):
 garbage-first heap   total reserved 2066432K, committed 69632K, used 60627K [0x0000000081e00000, 0x0000000100000000)
  region size 1024K, 35 young (35840K), 4 survivors (4096K)
 Metaspace       used 61215K, committed 61696K, reserved 1114112K
  class space    used 6954K, committed 7168K, reserved 1048576K
}
Event: 6.863 GC heap after
{Heap after GC invocations=14 (full 0):
 garbage-first heap   total reserved 2066432K, committed 69632K, used 29818K [0x0000000081e00000, 0x0000000100000000)
  region size 1024K, 3 young (3072K), 3 survivors (3072K)
 Metaspace       used 61215K, committed 61696K, reserved 1114112K
  class space    used 6954K, committed 7168K, reserved 1048576K
}
Event: 7.153 GC heap before
{Heap before GC invocations=14 (full 0):
 garbage-first heap   total reserved 2066432K, committed 69632K, used 60538K [0x0000000081e00000, 0x0000000100000000)
  region size 1024K, 34 young (34816K), 3 survivors (3072K)
 Metaspace       used 62977K, committed 63552K, reserved 1114112K
  class space    used 7246K, committed 7488K, reserved 1048576K
}
Event: 7.163 GC heap after
{Heap after GC invocations=15 (full 0):
 garbage-first heap   total reserved 2066432K, committed 69632K, used 32483K [0x0000000081e00000, 0x0000000100000000)
  region size 1024K, 4 young (4096K), 4 survivors (4096K)
 Metaspace       used 62977K, committed 63552K, reserved 1114112K
  class space    used 7246K, committed 7488K, reserved 1048576K
}
Event: 7.259 GC heap before
{Heap before GC invocations=15 (full 0):
 garbage-first heap   total reserved 2066432K, committed 69632K, used 41699K [0x0000000081e00000, 0x0000000100000000)
  region size 1024K, 14 young (14336K), 4 survivors (4096K)
 Metaspace       used 64261K, committed 64832K, reserved 1114112K
  class space    used 7507K, committed 7744K, reserved 1048576K
}
Event: 7.262 GC heap after
{Heap after GC invocations=16 (full 0):
 garbage-first heap   total reserved 2066432K, committed 69632K, used 32083K [0x0000000081e00000, 0x0000000100000000)
  region size 1024K, 1 young (1024K), 1 survivors (1024K)
 Metaspace       used 64261K, committed 64832K, reserved 1114112K
  class space    used 7507K, committed 7744K, reserved 1048576K
}
Event: 10.397 GC heap before
{Heap before GC invocations=17 (full 0):
 garbage-first heap   total reserved 2066432K, committed 119808K, used 119123K [0x0000000081e00000, 0x0000000100000000)
  region size 1024K, 28 young (28672K), 1 survivors (1024K)
 Metaspace       used 71230K, committed 71808K, reserved 1114112K
  class space    used 8787K, committed 9024K, reserved 1048576K
}
Event: 10.401 GC heap after
{Heap after GC invocations=18 (full 0):
 garbage-first heap   total reserved 2066432K, committed 123904K, used 94477K [0x0000000081e00000, 0x0000000100000000)
  region size 1024K, 4 young (4096K), 4 survivors (4096K)
 Metaspace       used 71230K, committed 71808K, reserved 1114112K
  class space    used 8787K, committed 9024K, reserved 1048576K
}
Event: 11.188 GC heap before
{Heap before GC invocations=18 (full 0):
 garbage-first heap   total reserved 2066432K, committed 177152K, used 169229K [0x0000000081e00000, 0x0000000100000000)
  region size 1024K, 18 young (18432K), 4 survivors (4096K)
 Metaspace       used 72513K, committed 73088K, reserved 1114112K
  class space    used 9002K, committed 9216K, reserved 1048576K
}
Event: 11.194 GC heap after
{Heap after GC invocations=19 (full 0):
 garbage-first heap   total reserved 2066432K, committed 178176K, used 156598K [0x0000000081e00000, 0x0000000100000000)
  region size 1024K, 3 young (3072K), 3 survivors (3072K)
 Metaspace       used 72513K, committed 73088K, reserved 1114112K
  class space    used 9002K, committed 9216K, reserved 1048576K
}
Event: 29.632 GC heap before
{Heap before GC invocations=19 (full 0):
 garbage-first heap   total reserved 2066432K, committed 178176K, used 162742K [0x0000000081e00000, 0x0000000100000000)
  region size 1024K, 10 young (10240K), 3 survivors (3072K)
 Metaspace       used 73864K, committed 74432K, reserved 1114112K
  class space    used 9069K, committed 9344K, reserved 1048576K
}
Event: 29.636 GC heap after
{Heap after GC invocations=20 (full 0):
 garbage-first heap   total reserved 2066432K, committed 178176K, used 157506K [0x0000000081e00000, 0x0000000100000000)
  region size 1024K, 1 young (1024K), 1 survivors (1024K)
 Metaspace       used 73864K, committed 74432K, reserved 1114112K
  class space    used 9069K, committed 9344K, reserved 1048576K
}
Event: 44.625 GC heap before
{Heap before GC invocations=21 (full 0):
 garbage-first heap   total reserved 2066432K, committed 178176K, used 109378K [0x0000000081e00000, 0x0000000100000000)
  region size 1024K, 10 young (10240K), 1 survivors (1024K)
 Metaspace       used 74284K, committed 74880K, reserved 1179648K
  class space    used 9086K, committed 9344K, reserved 1048576K
}
Event: 44.627 GC heap after
{Heap after GC invocations=22 (full 0):
 garbage-first heap   total reserved 2066432K, committed 178176K, used 100667K [0x0000000081e00000, 0x0000000100000000)
  region size 1024K, 2 young (2048K), 2 survivors (2048K)
 Metaspace       used 74284K, committed 74880K, reserved 1179648K
  class space    used 9086K, committed 9344K, reserved 1048576K
}
Event: 71.217 GC heap before
{Heap before GC invocations=22 (full 0):
 garbage-first heap   total reserved 2066432K, committed 178176K, used 155963K [0x0000000081e00000, 0x0000000100000000)
  region size 1024K, 57 young (58368K), 2 survivors (2048K)
 Metaspace       used 77234K, committed 77824K, reserved 1179648K
  class space    used 9524K, committed 9792K, reserved 1048576K
}
Event: 71.228 GC heap after
{Heap after GC invocations=23 (full 0):
 garbage-first heap   total reserved 2066432K, committed 178176K, used 104313K [0x0000000081e00000, 0x0000000100000000)
  region size 1024K, 6 young (6144K), 6 survivors (6144K)
 Metaspace       used 77234K, committed 77824K, reserved 1179648K
  class space    used 9524K, committed 9792K, reserved 1048576K
}

